This file contains any messages produced by compilers while
running configure, to aid debugging if configure makes a mistake.

It was created by songs configure 2.12, which was
generated by GNU Autoconf 2.66.  Invocation command line was

  $ ./configure 

## --------- ##
## Platform. ##
## --------- ##

hostname = leffe
uname -m = i686
uname -r = 2.6.35.14-96.fc14.i686.PAE
uname -s = Linux
uname -v = #1 SMP Thu Sep 1 12:31:46 UTC 2011

/usr/bin/uname -p = unknown
/bin/uname -X     = unknown

/bin/arch              = i686
/usr/bin/arch -k       = unknown
/usr/convex/getsysinfo = unknown
/usr/bin/hostinfo      = unknown
/bin/machine           = unknown
/usr/bin/oslevel       = unknown
/bin/universe          = unknown

PATH: /usr/lib/qt-3.3/bin
PATH: /usr/lib/ccache
PATH: /usr/local/bin
PATH: /usr/bin
PATH: /bin
PATH: /usr/local/sbin
PATH: /usr/sbin
PATH: /sbin


## ----------- ##
## Core tests. ##
## ----------- ##

configure:2213: checking for a BSD-compatible install
configure:2281: result: /usr/bin/install -c
configure:2292: checking whether build environment is sane
configure:2329: result: yes
configure:2391: checking for gawk
configure:2407: found /usr/bin/gawk
configure:2418: result: gawk
configure:2429: checking whether make sets $(MAKE)
configure:2451: result: yes
configure:2680: checking for gcc
configure:2696: found /usr/lib/ccache/gcc
configure:2707: result: gcc
configure:2936: checking for C compiler version
configure:2945: gcc --version >&5
gcc (GCC) 4.5.1 20100924 (Red Hat 4.5.1-4)
Copyright (C) 2010 Free Software Foundation, Inc.
This is free software; see the source for copying conditions.  There is NO
warranty; not even for MERCHANTABILITY or FITNESS FOR A PARTICULAR PURPOSE.

configure:2956: $? = 0
configure:2945: gcc -v >&5
Using built-in specs.
COLLECT_GCC=/usr/bin/gcc
COLLECT_LTO_WRAPPER=/usr/libexec/gcc/i686-redhat-linux/4.5.1/lto-wrapper
Target: i686-redhat-linux
Configured with: ../configure --prefix=/usr --mandir=/usr/share/man --infodir=/usr/share/info --with-bugurl=http://bugzilla.redhat.com/bugzilla --enable-bootstrap --enable-shared --enable-threads=posix --enable-checking=release --with-system-zlib --enable-__cxa_atexit --disable-libunwind-exceptions --enable-gnu-unique-object --enable-linker-build-id --enable-languages=c,c++,objc,obj-c++,java,fortran,ada,lto --enable-plugin --enable-java-awt=gtk --disable-dssi --with-java-home=/usr/lib/jvm/java-1.5.0-gcj-1.5.0.0/jre --enable-libgcj-multifile --enable-java-maintainer-mode --with-ecj-jar=/usr/share/java/eclipse-ecj.jar --disable-libjava-multilib --with-ppl --with-cloog --with-tune=generic --with-arch=i686 --build=i686-redhat-linux
Thread model: posix
gcc version 4.5.1 20100924 (Red Hat 4.5.1-4) (GCC) 
configure:2956: $? = 0
configure:2945: gcc -V >&5
gcc: '-V' option must have argument
configure:2956: $? = 1
configure:2945: gcc -qversion >&5
gcc: unrecognized option '-qversion'
gcc: no input files
configure:2956: $? = 1
configure:2976: checking whether the C compiler works
configure:2998: gcc    conftest.c  >&5
configure:3002: $? = 0
configure:3050: result: yes
configure:3053: checking for C compiler default output file name
configure:3055: result: a.out
configure:3061: checking for suffix of executables
configure:3068: gcc -o conftest    conftest.c  >&5
configure:3072: $? = 0
configure:3094: result: 
configure:3116: checking whether we are cross compiling
configure:3124: gcc -o conftest    conftest.c  >&5
configure:3128: $? = 0
configure:3135: ./conftest
configure:3139: $? = 0
configure:3154: result: no
configure:3159: checking for suffix of object files
configure:3181: gcc -c   conftest.c >&5
configure:3185: $? = 0
configure:3206: result: o
configure:3210: checking whether we are using the GNU C compiler
configure:3229: gcc -c   conftest.c >&5
configure:3229: $? = 0
configure:3238: result: yes
configure:3247: checking whether gcc accepts -g
configure:3267: gcc -c -g  conftest.c >&5
configure:3267: $? = 0
configure:3308: result: yes
configure:3325: checking for gcc option to accept ISO C89
configure:3389: gcc  -c -g -O2  conftest.c >&5
configure:3389: $? = 0
configure:3402: result: none needed
configure:3433: checking for style of include used by make
configure:3461: result: GNU
configure:3489: checking dependency style of gcc
configure:3579: result: gcc3
configure:3635: checking for latex
configure:3651: found /usr/bin/latex
configure:3662: result: latex
configure:3686: checking for pdflatex
configure:3702: found /usr/bin/pdflatex
configure:3713: result: pdflatex
configure:3737: checking for makeindex
configure:3753: found /usr/bin/makeindex
configure:3764: result: makeindex
configure:3788: checking for dvips
configure:3804: found /usr/bin/dvips
configure:3815: result: dvips
configure:3839: checking for texhash
configure:3855: found /usr/bin/texhash
configure:3866: result: texhash
configure:3890: checking for kpsewhich
configure:3906: found /usr/bin/kpsewhich
configure:3917: result: kpsewhich
configure:3939: checking for vim
configure:3955: found /usr/bin/vim
configure:3966: result: vim
configure:3993: checking for vimfiles path
configure:4010: result: /usr/share/vim/vimfiles
configure:4044: checking for texmf local path
configure:4071: result: /usr/share//texmf
configure:4086: checking how to run the C preprocessor
configure:4117: gcc -E  conftest.c
configure:4117: $? = 0
configure:4131: gcc -E  conftest.c
conftest.c:11:28: fatal error: ac_nonexistent.h: No such file or directory
compilation terminated.
configure:4131: $? = 1
configure: failed program was:
| /* confdefs.h */
| #define PACKAGE_NAME "songs"
| #define PACKAGE_TARNAME "songs"
| #define PACKAGE_VERSION "2.12"
| #define PACKAGE_STRING "songs 2.12"
| #define PACKAGE_BUGREPORT ""
| #define PACKAGE_URL ""
| #define PACKAGE "songs"
| #define VERSION "2.12"
| /* end confdefs.h.  */
| #include <ac_nonexistent.h>
configure:4156: result: gcc -E
configure:4176: gcc -E  conftest.c
configure:4176: $? = 0
configure:4190: gcc -E  conftest.c
conftest.c:11:28: fatal error: ac_nonexistent.h: No such file or directory
compilation terminated.
configure:4190: $? = 1
configure: failed program was:
| /* confdefs.h */
| #define PACKAGE_NAME "songs"
| #define PACKAGE_TARNAME "songs"
| #define PACKAGE_VERSION "2.12"
| #define PACKAGE_STRING "songs 2.12"
| #define PACKAGE_BUGREPORT ""
| #define PACKAGE_URL ""
| #define PACKAGE "songs"
| #define VERSION "2.12"
| /* end confdefs.h.  */
| #include <ac_nonexistent.h>
configure:4219: checking for grep that handles long lines and -e
configure:4277: result: /bin/grep
configure:4282: checking for egrep
configure:4344: result: /bin/grep -E
configure:4349: checking for ANSI C header files
configure:4369: gcc -c -g -O2  conftest.c >&5
configure:4369: $? = 0
configure:4442: gcc -o conftest -g -O2   conftest.c  >&5
configure:4442: $? = 0
configure:4442: ./conftest
configure:4442: $? = 0
configure:4453: result: yes
configure:4466: checking for sys/types.h
configure:4466: gcc -c -g -O2  conftest.c >&5
configure:4466: $? = 0
configure:4466: result: yes
configure:4466: checking for sys/stat.h
configure:4466: gcc -c -g -O2  conftest.c >&5
configure:4466: $? = 0
configure:4466: result: yes
configure:4466: checking for stdlib.h
configure:4466: gcc -c -g -O2  conftest.c >&5
configure:4466: $? = 0
configure:4466: result: yes
configure:4466: checking for string.h
configure:4466: gcc -c -g -O2  conftest.c >&5
configure:4466: $? = 0
configure:4466: result: yes
configure:4466: checking for memory.h
configure:4466: gcc -c -g -O2  conftest.c >&5
configure:4466: $? = 0
configure:4466: result: yes
configure:4466: checking for strings.h
configure:4466: gcc -c -g -O2  conftest.c >&5
configure:4466: $? = 0
configure:4466: result: yes
configure:4466: checking for inttypes.h
configure:4466: gcc -c -g -O2  conftest.c >&5
configure:4466: $? = 0
configure:4466: result: yes
configure:4466: checking for stdint.h
configure:4466: gcc -c -g -O2  conftest.c >&5
configure:4466: $? = 0
configure:4466: result: yes
configure:4466: checking for unistd.h
configure:4466: gcc -c -g -O2  conftest.c >&5
configure:4466: $? = 0
configure:4466: result: yes
configure:4481: checking locale.h usability
configure:4481: gcc -c -g -O2  conftest.c >&5
configure:4481: $? = 0
configure:4481: result: yes
configure:4481: checking locale.h presence
configure:4481: gcc -E  conftest.c
configure:4481: $? = 0
configure:4481: result: yes
configure:4481: checking for locale.h
configure:4481: result: yes
configure:4481: checking for stdlib.h
configure:4481: result: yes
configure:4481: checking stdio.h usability
configure:4481: gcc -c -g -O2  conftest.c >&5
configure:4481: $? = 0
configure:4481: result: yes
configure:4481: checking stdio.h presence
configure:4481: gcc -E  conftest.c
configure:4481: $? = 0
configure:4481: result: yes
configure:4481: checking for stdio.h
configure:4481: result: yes
configure:4481: checking for string.h
configure:4481: result: yes
configure:4481: checking wchar.h usability
configure:4481: gcc -c -g -O2  conftest.c >&5
configure:4481: $? = 0
configure:4481: result: yes
configure:4481: checking wchar.h presence
configure:4481: gcc -E  conftest.c
configure:4481: $? = 0
configure:4481: result: yes
configure:4481: checking for wchar.h
configure:4481: result: yes
configure:4481: checking wctype.h usability
configure:4481: gcc -c -g -O2  conftest.c >&5
configure:4481: $? = 0
configure:4481: result: yes
configure:4481: checking wctype.h presence
configure:4481: gcc -E  conftest.c
configure:4481: $? = 0
configure:4481: result: yes
configure:4481: checking for wctype.h
configure:4481: result: yes
configure:4491: checking for an ANSI C-conforming const
configure:4556: gcc -c -g -O2  conftest.c >&5
configure:4556: $? = 0
configure:4563: result: yes
configure:4571: checking for size_t
configure:4571: gcc -c -g -O2  conftest.c >&5
configure:4571: $? = 0
configure:4571: gcc -c -g -O2  conftest.c >&5
conftest.c: In function 'main':
conftest.c:63:21: error: expected expression before ')' token
configure:4571: $? = 1
configure: failed program was:
| /* confdefs.h */
| #define PACKAGE_NAME "songs"
| #define PACKAGE_TARNAME "songs"
| #define PACKAGE_VERSION "2.12"
| #define PACKAGE_STRING "songs 2.12"
| #define PACKAGE_BUGREPORT ""
| #define PACKAGE_URL ""
| #define PACKAGE "songs"
| #define VERSION "2.12"
| #define STDC_HEADERS 1
| #define HAVE_SYS_TYPES_H 1
| #define HAVE_SYS_STAT_H 1
| #define HAVE_STDLIB_H 1
| #define HAVE_STRING_H 1
| #define HAVE_MEMORY_H 1
| #define HAVE_STRINGS_H 1
| #define HAVE_INTTYPES_H 1
| #define HAVE_STDINT_H 1
| #define HAVE_UNISTD_H 1
| #define HAVE_LOCALE_H 1
| #define HAVE_STDLIB_H 1
| #define HAVE_STDIO_H 1
| #define HAVE_STRING_H 1
| #define HAVE_WCHAR_H 1
| #define HAVE_WCTYPE_H 1
| /* end confdefs.h.  */
| #include <stdio.h>
| #ifdef HAVE_SYS_TYPES_H
| # include <sys/types.h>
| #endif
| #ifdef HAVE_SYS_STAT_H
| # include <sys/stat.h>
| #endif
| #ifdef STDC_HEADERS
| # include <stdlib.h>
| # include <stddef.h>
| #else
| # ifdef HAVE_STDLIB_H
| #  include <stdlib.h>
| # endif
| #endif
| #ifdef HAVE_STRING_H
| # if !defined STDC_HEADERS && defined HAVE_MEMORY_H
| #  include <memory.h>
| # endif
| # include <string.h>
| #endif
| #ifdef HAVE_STRINGS_H
| # include <strings.h>
| #endif
| #ifdef HAVE_INTTYPES_H
| # include <inttypes.h>
| #endif
| #ifdef HAVE_STDINT_H
| # include <stdint.h>
| #endif
| #ifdef HAVE_UNISTD_H
| # include <unistd.h>
| #endif
| int
| main ()
| {
| if (sizeof ((size_t)))
| 	    return 0;
|   ;
|   return 0;
| }
configure:4571: result: yes
configure:4584: checking for stdlib.h
configure:4584: result: yes
configure:4594: checking for GNU libc compatible realloc
configure:4618: gcc -o conftest -g -O2   conftest.c  >&5
configure:4618: $? = 0
configure:4618: ./conftest
configure:4618: $? = 0
configure:4628: result: yes
configure:4652: checking for setlocale
configure:4652: gcc -o conftest -g -O2   conftest.c  >&5
configure:4652: $? = 0
configure:4652: result: yes
configure:4652: checking for strrchr
configure:4652: gcc -o conftest -g -O2   conftest.c  >&5
conftest.c:53:6: warning: conflicting types for built-in function 'strrchr'
configure:4652: $? = 0
configure:4652: result: yes
configure:4661: checking for wchar_t
configure:4661: gcc -c -g -O2  conftest.c >&5
configure:4661: $? = 0
configure:4661: gcc -c -g -O2  conftest.c >&5
conftest.c: In function 'main':
conftest.c:46:22: error: expected expression before ')' token
configure:4661: $? = 1
configure: failed program was:
| /* confdefs.h */
| #define PACKAGE_NAME "songs"
| #define PACKAGE_TARNAME "songs"
| #define PACKAGE_VERSION "2.12"
| #define PACKAGE_STRING "songs 2.12"
| #define PACKAGE_BUGREPORT ""
| #define PACKAGE_URL ""
| #define PACKAGE "songs"
| #define VERSION "2.12"
| #define STDC_HEADERS 1
| #define HAVE_SYS_TYPES_H 1
| #define HAVE_SYS_STAT_H 1
| #define HAVE_STDLIB_H 1
| #define HAVE_STRING_H 1
| #define HAVE_MEMORY_H 1
| #define HAVE_STRINGS_H 1
| #define HAVE_INTTYPES_H 1
| #define HAVE_STDINT_H 1
| #define HAVE_UNISTD_H 1
| #define HAVE_LOCALE_H 1
| #define HAVE_STDLIB_H 1
| #define HAVE_STDIO_H 1
| #define HAVE_STRING_H 1
| #define HAVE_WCHAR_H 1
| #define HAVE_WCTYPE_H 1
| #define HAVE_STDLIB_H 1
| #define HAVE_REALLOC 1
| #define HAVE_SETLOCALE 1
| #define HAVE_STRRCHR 1
| /* end confdefs.h.  */
| 
| #if HAVE_STDLIB_H
| #include <stdlib.h>
| #endif
| #if HAVE_WCHAR_H
| #include <wchar.h>
| #endif
| #if HAVE_WCTYPE_H
| #include <wctype.h>
| #endif
| 
| 
| int
| main ()
| {
| if (sizeof ((wchar_t)))
| 	    return 0;
|   ;
|   return 0;
| }
configure:4661: result: yes
configure:4801: creating ./config.status

## ---------------------- ##
## Running config.status. ##
## ---------------------- ##

This file was extended by songs config.status 2.12, which was
generated by GNU Autoconf 2.66.  Invocation command line was

  CONFIG_FILES    = 
  CONFIG_HEADERS  = 
  CONFIG_LINKS    = 
  CONFIG_COMMANDS = 
  $ ./config.status 

on leffe

config.status:872: creating Makefile
config.status:975: WARNING:  'Makefile.in' seems to ignore the --datarootdir setting
config.status:872: creating src/songs/GNUmakefile
config.status:975: WARNING:  'src/songs/GNUmakefile.in' seems to ignore the --datarootdir setting
config.status:872: creating src/songidx/Makefile
config.status:975: WARNING:  'src/songidx/Makefile.in' seems to ignore the --datarootdir setting
config.status:858: error: cannot find input file: `sample/GNUmakefile.in'

## ---------------- ##
## Cache variables. ##
## ---------------- ##

ac_cv_c_compiler_gnu=yes
ac_cv_c_const=yes
ac_cv_env_CC_set=
ac_cv_env_CC_value=
ac_cv_env_CFLAGS_set=
ac_cv_env_CFLAGS_value=
ac_cv_env_CPPFLAGS_set=
ac_cv_env_CPPFLAGS_value=
ac_cv_env_CPP_set=
ac_cv_env_CPP_value=
ac_cv_env_LDFLAGS_set=
ac_cv_env_LDFLAGS_value=
ac_cv_env_LIBS_set=
ac_cv_env_LIBS_value=
ac_cv_env_build_alias_set=
ac_cv_env_build_alias_value=
ac_cv_env_host_alias_set=
ac_cv_env_host_alias_value=
ac_cv_env_target_alias_set=
ac_cv_env_target_alias_value=
ac_cv_func_realloc_0_nonnull=yes
ac_cv_func_setlocale=yes
ac_cv_func_strrchr=yes
ac_cv_header_inttypes_h=yes
ac_cv_header_locale_h=yes
ac_cv_header_memory_h=yes
ac_cv_header_stdc=yes
ac_cv_header_stdint_h=yes
ac_cv_header_stdio_h=yes
ac_cv_header_stdlib_h=yes
ac_cv_header_string_h=yes
ac_cv_header_strings_h=yes
ac_cv_header_sys_stat_h=yes
ac_cv_header_sys_types_h=yes
ac_cv_header_unistd_h=yes
ac_cv_header_wchar_h=yes
ac_cv_header_wctype_h=yes
ac_cv_objext=o
ac_cv_path_EGREP='/bin/grep -E'
ac_cv_path_GREP=/bin/grep
ac_cv_path_install='/usr/bin/install -c'
ac_cv_prog_AWK=gawk
ac_cv_prog_CPP='gcc -E'
ac_cv_prog_ac_ct_CC=gcc
ac_cv_prog_cc_c89=
ac_cv_prog_cc_g=yes
ac_cv_prog_dvips=dvips
ac_cv_prog_kpsewhich=kpsewhich
ac_cv_prog_latex=latex
ac_cv_prog_make_make_set=yes
ac_cv_prog_makeindex=makeindex
ac_cv_prog_pdflatex=pdflatex
ac_cv_prog_texhash=texhash
ac_cv_prog_vim=vim
ac_cv_texmf_path=/usr/share//texmf
ac_cv_type_size_t=yes
ac_cv_type_wchar_t=yes
ac_cv_vimfiles_path=/usr/share/vim/vimfiles
am_cv_CC_dependencies_compiler_type=gcc3

## ----------------- ##
## Output variables. ##
## ----------------- ##

ACLOCAL='${SHELL} /home/sed/harter/github/Chant_des_Inges/songs-2.12/missing --run aclocal-1.9'
AMDEPBACKSLASH='\'
AMDEP_FALSE='#'
AMDEP_TRUE=''
AMTAR='${SHELL} /home/sed/harter/github/Chant_des_Inges/songs-2.12/missing --run tar'
AUTOCONF='${SHELL} /home/sed/harter/github/Chant_des_Inges/songs-2.12/missing --run autoconf'
AUTOHEADER='${SHELL} /home/sed/harter/github/Chant_des_Inges/songs-2.12/missing --run autoheader'
AUTOMAKE='${SHELL} /home/sed/harter/github/Chant_des_Inges/songs-2.12/missing --run automake-1.9'
AWK='gawk'
CC='gcc'
CCDEPMODE='depmode=gcc3'
CFLAGS='-g -O2'
COND_VIM_FALSE='#'
COND_VIM_TRUE=''
CPP='gcc -E'
CPPFLAGS=''
CYGPATH_W='echo'
DEFS='-DHAVE_CONFIG_H'
DEPDIR='.deps'
ECHO_C=''
ECHO_N='-n'
ECHO_T=''
EGREP='/bin/grep -E'
EXEEXT=''
GREP='/bin/grep'
INSTALL_DATA='${INSTALL} -m 644'
INSTALL_PROGRAM='${INSTALL}'
INSTALL_SCRIPT='${INSTALL}'
INSTALL_STRIP_PROGRAM='${SHELL} $(install_sh) -c -s'
LDFLAGS=''
LIBOBJS=''
LIBS=''
LTLIBOBJS=''
MAKEINFO='${SHELL} /home/sed/harter/github/Chant_des_Inges/songs-2.12/missing --run makeinfo'
OBJEXT='o'
PACKAGE='songs'
PACKAGE_BUGREPORT=''
PACKAGE_NAME='songs'
PACKAGE_STRING='songs 2.12'
PACKAGE_TARNAME='songs'
PACKAGE_URL=''
PACKAGE_VERSION='2.12'
PATH_SEPARATOR=':'
SET_MAKE=''
SHELL='/bin/sh'
STRIP=''
VERSION='2.12'
ac_ct_CC='gcc'
am__fastdepCC_FALSE='#'
am__fastdepCC_TRUE=''
am__include='include'
am__leading_dot='.'
am__quote=''
am__tar='${AMTAR} chof - "$$tardir"'
am__untar='${AMTAR} xf -'
bindir='${exec_prefix}/bin'
build_alias=''
datadir='${datarootdir}'
datarootdir='${prefix}/share'
docdir='${datarootdir}/doc/${PACKAGE_TARNAME}'
dvidir='${docdir}'
dvips='dvips'
exec_prefix='${prefix}'
host_alias=''
htmldir='${docdir}'
includedir='${prefix}/include'
infodir='${datarootdir}/info'
install_sh='/home/sed/harter/github/Chant_des_Inges/songs-2.12/install-sh'
kpsewhich='kpsewhich'
latex='latex'
libdir='${exec_prefix}/lib'
libexecdir='${exec_prefix}/libexec'
localedir='${datarootdir}/locale'
localstatedir='${prefix}/var'
makeindex='makeindex'
mandir='${datarootdir}/man'
mkdir_p='mkdir -p --'
oldincludedir='/usr/include'
pdfdir='${docdir}'
pdflatex='pdflatex'
prefix='/usr/local'
program_transform_name='s,x,x,'
psdir='${docdir}'
sbindir='${exec_prefix}/sbin'
sharedstatedir='${prefix}/com'
sysconfdir='${prefix}/etc'
target_alias=''
texhash='texhash'
texmfpath='/usr/share//texmf'
vim='vim'
vimfilespath='/usr/share/vim/vimfiles'

## ----------- ##
## confdefs.h. ##
## ----------- ##

/* confdefs.h */
#define PACKAGE_NAME "songs"
#define PACKAGE_TARNAME "songs"
#define PACKAGE_VERSION "2.12"
#define PACKAGE_STRING "songs 2.12"
#define PACKAGE_BUGREPORT ""
#define PACKAGE_URL ""
#define PACKAGE "songs"
#define VERSION "2.12"
#define STDC_HEADERS 1
#define HAVE_SYS_TYPES_H 1
#define HAVE_SYS_STAT_H 1
#define HAVE_STDLIB_H 1
#define HAVE_STRING_H 1
#define HAVE_MEMORY_H 1
#define HAVE_STRINGS_H 1
#define HAVE_INTTYPES_H 1
#define HAVE_STDINT_H 1
#define HAVE_UNISTD_H 1
#define HAVE_LOCALE_H 1
#define HAVE_STDLIB_H 1
#define HAVE_STDIO_H 1
#define HAVE_STRING_H 1
#define HAVE_WCHAR_H 1
#define HAVE_WCTYPE_H 1
#define HAVE_STDLIB_H 1
#define HAVE_REALLOC 1
#define HAVE_SETLOCALE 1
#define HAVE_STRRCHR 1
#define HAVE_WCHAR_T 1

configure: exit 1
